<?xml version="1.0" encoding="UTF-8"?>
<!-- Generated by org.testng.reporters.JUnitReportReporter -->
<testsuite hostname="DESKTOP-8ETIG1H" failures="0" tests="1" name="test.LoginTest" time="0.330" errors="0" timestamp="2023-03-06T22:01:42 IST" skipped="0">
  <testcase classname="test.LoginTest" name="verifyLogin" time="0.330"/>
  <system-out/>
</testsuite> <!-- test.LoginTest -->
