<?xml version="1.0" encoding="UTF-8"?>
<!-- Generated by org.testng.reporters.JUnitReportReporter -->
<testsuite hostname="DESKTOP-8ETIG1H" failures="0" tests="1" name="test.SignUpTest" time="31.113" errors="0" timestamp="2023-03-04T15:09:08 IST" skipped="0">
  <testcase classname="test.SignUpTest" name="enterEmail" time="31.113"/>
  <system-out/>
</testsuite> <!-- test.SignUpTest -->
